TOOL:	xrun	24.03-s005: Started on Apr 21, 2025 at 23:06:08 EDT
TOOL:	xrun(64)	24.03-s005: Started on Apr 21, 2025 at 23:06:08 EDT
xrun(64): 24.03-s005: (c) Copyright 1995-2024 Cadence Design Systems, Inc.
Loading snapshot worklib.sc_main:sc_module .................... Done
----------------------------------------------
Setting start to 0 and mem_we to 0 at 0 s
Start up with 1 cycle
Instruction cycle start time - 0 s
----------------------------------------------
Reset Datapath
Instruction cycle start time - 5 ns
Reset test PASSED
----------------------------------------------
----------------------------------------------
Eight cycles of memory writes (addresses 0-5 and 32-33)
----------------------------------------------
0x7220 written to Memory[0] - nothing in datapath
Instruction cycle start time - 10 ns
0x8002 written to Memory[1] - nothing in datapath
Instruction cycle start time - 15 ns
0x8112 written to Memory[2] - nothing in datapath
Instruction cycle start time - 20 ns
0x0001 written to Memory[3] - nothing in datapath
Instruction cycle start time - 25 ns
0x9202 written to Memory[4] - nothing in datapath
Instruction cycle start time - 30 ns
0xF000 written to Memory[5] - nothing in datapath
Instruction cycle start time - 35 ns
0x0003 written to Memory[32] - nothing in datapath
Instruction cycle start time - 40 ns
0x0004 written to Memory[33] - nothing in datapath
Instruction cycle start time - 45 ns
----------------------------------------------
Clearing reset and starting datapath tests
This test includes the six instructions from PLPD pg. 296
A compiling for the following C code:
int main(){
    A[0] = 2;
    A[1] = 3;
    A[2] = A[1] + A[0];
    return 0;
}
----------------------------------------------
Testing Start Signal
Instruction cycle start time - 50 ns
Expected PC Register value of 0000000000000000
Start Test Passed
----------------------------------------------
Testing 0x7220 - ldi $2 32
----------------------------------------------
Instruction Fetch Cycle IFETCH
Instruction cycle start time - 55 ns
Got expected PC Address of 0000000000000000... IFETCH test passed
----------------------------------------------
Instruction Fetch Cycle IFETCH2
Instruction cycle start time - 60 ns
Got expected opcode of 0111... IFETCH2 test passed
----------------------------------------------
Instruction Decode Cycle
Instruction cycle start time - 65 ns
Got expected values of 0000000000000000 and 0000000000000000
Instruction Decode PASSED
----------------------------------------------
Execute Cycle
Instruction cycle start time - 70 ns
Got expected alu_result reg of 0000000000100000
... Execution Stage Test Passed!
----------------------------------------------
Write Back Cycle - WB_ALU
Instruction cycle start time - 75 ns
Got expected register_file[2] = 0000000000100000
Got expected alu_result reg of 0000000000000001
... Load/Store Test Passed!
----------------------------------------------
Testing 0x8002 - ld $r0 $r2 0
----------------------------------------------
Instruction Fetch Cycle IFETCH
Instruction cycle start time - 80 ns
Got expected PC Address of 0000000000000001... IFETCH test passed
----------------------------------------------
Instruction Fetch Cycle IFETCH2
Instruction cycle start time - 85 ns
Got expected opcode of 1000... IFETCH2 test passed
----------------------------------------------
Instruction Decode Cycle
Instruction cycle start time - 90 ns
Got expected values of 0000000000000000 and 0000000000100000
Instruction Decode PASSED
----------------------------------------------
Execution Cycle
Instruction cycle start time - 95 ns
Got expected alu_result reg of 0000000000100000
... Execution Stage Test Passed!
----------------------------------------------
Load/Store Cycle - MEM_LD
Instruction cycle start time - 100 ns
Got expected addr_out = 0000000000100000
... MEM_LD Stage Test Passed!
----------------------------------------------
Load/Store Cycle - MEM_LD2
Instruction cycle start time - 105 ns
The mdr_reg contains the expected value of 0000000000000011
MEM_LD2 Test Passed
----------------------------------------------
Write Back Cycle - WB_LD
Instruction cycle start time - 110 ns
The register_file[0] is the expected value of 0000000000000011
The PC is the expected value of 0000000000000010
WB_LD Test PASSED
----------------------------------------------
Testing 0x8112 - ld $r1 $r3 1
----------------------------------------------
Instruction Fetch Cycle IFETCH
Instruction cycle start time - 115 ns
Got expected PC Address of 0000000000000010... IFETCH test passed
----------------------------------------------
Instruction Fetch Cycle IFETCH2
Instruction cycle start time - 120 ns
Got expected opcode of 1000... IFETCH2 test passed
----------------------------------------------
Instruction Decode Cycle
Instruction cycle start time - 125 ns
Got expected values of 0000000000000000 and 0000000000100000
Instruction Decode PASSED
----------------------------------------------
Execution Cycle
Instruction cycle start time - 130 ns
Got expected alu_result reg of 0000000000100001
... Execution Stage Test Passed!
----------------------------------------------
Load/Store Cycle - MEM_LD
Instruction cycle start time - 135 ns
Got expected addr_out = 0000000000100001
... MEM_LD Stage Test Passed!
----------------------------------------------
Load/Store Cycle - MEM_LD2
Instruction cycle start time - 140 ns
The mdr_reg contains the expected value of 0000000000000100
MEM_LD2 Test Passed
----------------------------------------------
Write Back Cycle - WB_LD
Instruction cycle start time - 145 ns
The register_file[1] is the expected value of 0000000000000100
----------------------------------------------
Testing 0x0001 - add $r0 $r0 $r1
----------------------------------------------
Instruction Fetch Cycle IFETCH
Instruction cycle start time - 150 ns
Got expected PC Address of 0000000000000011... IFETCH test passed
----------------------------------------------
Instruction Fetch Cycle IFETCH2
Instruction cycle start time - 155 ns
Got expected opcode of 0000... IFETCH2 test passed
----------------------------------------------
Instruction Decode Cycle
Instruction cycle start time - 160 ns
Got expected values of 0000000000000011 and 0000000000000100
Instruction Decode PASSED
----------------------------------------------
Execute Cycle
Instruction cycle start time - 165 ns
Got expected alu_result reg of 0000000000000111
... Execution Stage Test Passed!
----------------------------------------------
Instruction cycle start time - 170 ns
Write Back - WB_ALU
Instruction cycle start time - 170 ns
Got expected alu_result reg of 0000000000000100
Got expected register_file[0] of 0000000000000111
... Write Back Test Passed!
----------------------------------------------
Testing 0x9202 - st $r0 2($r2)
----------------------------------------------
Instruction Fetch Cycle IFETCH
Instruction cycle start time - 175 ns
Got expected PC Address of 0000000000000100... IFETCH test passed
----------------------------------------------
Instruction Fetch Cycle IFETCH2
Instruction cycle start time - 180 ns
Got expected opcode of 1001... IFETCH2 test passed
----------------------------------------------
Instruction Decode Cycle
Instruction cycle start time - 185 ns
Got the expected values of alu_a = 0000000000000111 and alu_b = 0000000000100000
----------------------------------------------
Execute Cycle
Instruction cycle start time - 190 ns
Got expected alu_result reg of 0000000000100010
... Execution Stage Test Passed!
----------------------------------------------
Load/Store Cycle - MEM_ST
Instruction cycle start time - 195 ns
Expected value of data_out = 0000000000000111
Load/Store Cycle - MEM_ST2
Instruction cycle start time - 200 ns
Writing to memory map. No Test
----------------------------------------------
Testing 0xF000 - quit
----------------------------------------------
Instruction Fetch Cycle IFETCH
Instruction cycle start time - 205 ns
Got expected PC Address of 0000000000000101... IFETCH test passed
----------------------------------------------
Instruction Fetch Cycle IFETCH2
Instruction cycle start time - 210 ns
Got expected opcode of 1111... IFETCH2 test passed
----------------------------------------------
Running a reset test
----------------------------------------------
Reset Datapath
Instruction cycle start time - 215 ns
Reset test PASSED
----------------------------------------------
----------------------------------------------
Datapath Test completed successfully
----------------------------------------------
----------------------------------------------
TOOL:	xrun(64)	24.03-s005: Exiting on Apr 21, 2025 at 23:06:09 EDT  (total: 00:00:01)
